nohup: ignoring input
{'http': 'http://61.135.217.7:80'}
当前的小时数： 18
还没到8点，耐心等待一个小时再检测
祝你生活愉快！
当前的小时数： 19
还没到8点，耐心等待一个小时再检测
祝你生活愉快！
当前的小时数： 20
//jandan.net/ooxx/page-31#comments
//wx2.sinaimg.cn/mw600/c44fab04ly1fzhxhi39kkj20sg0izqcn.jpg
//wx3.sinaimg.cn/mw600/6c652bafly1fzhx3bzsehj20dw0jwq48.jpg
//ww3.sinaimg.cn/mw600/0073ob6Pgy1fzhwz8yf8lj30u0140npd.jpg
//wx1.sinaimg.cn/mw600/4d0651e4gy1fzhws866quj20v91jk7wh.jpg
---------时间节点------------
s
n
---------时间节点------------
s
n
---------时间节点------------
s
n
---------时间节点------------
s
n
k: 0
下个页面的网址是： http://jandan.net/ooxx/page-31#comments
//jandan.net/ooxx/page-30#comments
//wx2.sinaimg.cn/mw600/c44fab04ly1fzhxhi39kkj20sg0izqcn.jpg
k: 1
下个页面的网址是： http://jandan.net/ooxx/page-30#comments
今天的图已经下载完了，明天再来
当前的小时数： 21
还没到8点，耐心等待一个小时再检测
祝你生活愉快！
当前的小时数： 22
还没到8点，耐心等待一个小时再检测
祝你生活愉快！
当前的小时数： 23
还没到8点，耐心等待一个小时再检测
祝你生活愉快！
