2019-04-20 11:33:54 [scrapy.utils.log] INFO: Scrapy 1.5.1 started (bot: Douban)
2019-04-20 11:33:54 [scrapy.utils.log] INFO: Versions: lxml 4.1.0.0, libxml2 2.9.4, cssselect 1.0.3, parsel 1.5.0, w3lib 1.19.0, Twisted 18.7.0, Python 3.6.3 |Anaconda, Inc.| (default, Oct 15 2017, 03:27:45) [MSC v.1900 64 bit (AMD64)], pyOpenSSL 17.2.0 (OpenSSL 1.0.2l  25 May 2017), cryptography 2.0.3, Platform Windows-7-6.1.7601-SP1
2019-04-20 11:33:54 [scrapy.crawler] INFO: Overridden settings: {'BOT_NAME': 'Douban', 'LOG_FILE': 'douban.log', 'NEWSPIDER_MODULE': 'Douban.spiders', 'SPIDER_MODULES': ['Douban.spiders'], 'USER_AGENT': 'Douban (+http://www.yourdomain.com)'}
2019-04-20 11:33:54 [scrapy.middleware] INFO: Enabled extensions:
['scrapy.extensions.corestats.CoreStats',
 'scrapy.extensions.telnet.TelnetConsole',
 'scrapy.extensions.logstats.LogStats']
2019-04-20 11:33:55 [scrapy.middleware] INFO: Enabled downloader middlewares:
['scrapy.downloadermiddlewares.httpauth.HttpAuthMiddleware',
 'scrapy.downloadermiddlewares.downloadtimeout.DownloadTimeoutMiddleware',
 'scrapy.downloadermiddlewares.defaultheaders.DefaultHeadersMiddleware',
 'scrapy.downloadermiddlewares.useragent.UserAgentMiddleware',
 'scrapy.downloadermiddlewares.retry.RetryMiddleware',
 'scrapy.downloadermiddlewares.redirect.MetaRefreshMiddleware',
 'scrapy.downloadermiddlewares.httpcompression.HttpCompressionMiddleware',
 'scrapy.downloadermiddlewares.redirect.RedirectMiddleware',
 'scrapy.downloadermiddlewares.cookies.CookiesMiddleware',
 'scrapy.downloadermiddlewares.httpproxy.HttpProxyMiddleware',
 'scrapy.downloadermiddlewares.stats.DownloaderStats']
2019-04-20 11:33:55 [scrapy.middleware] INFO: Enabled spider middlewares:
['scrapy.spidermiddlewares.httperror.HttpErrorMiddleware',
 'scrapy.spidermiddlewares.offsite.OffsiteMiddleware',
 'scrapy.spidermiddlewares.referer.RefererMiddleware',
 'scrapy.spidermiddlewares.urllength.UrlLengthMiddleware',
 'scrapy.spidermiddlewares.depth.DepthMiddleware']
2019-04-20 11:33:55 [scrapy.middleware] INFO: Enabled item pipelines:
[]
2019-04-20 11:33:55 [scrapy.core.engine] INFO: Spider opened
2019-04-20 11:33:55 [scrapy.extensions.logstats] INFO: Crawled 0 pages (at 0 pages/min), scraped 0 items (at 0 items/min)
2019-04-20 11:33:55 [scrapy.extensions.telnet] DEBUG: Telnet console listening on 127.0.0.1:6023
2019-04-20 11:33:55 [scrapy.downloadermiddlewares.redirect] DEBUG: Redirecting (301) to <GET http://www.douban.com/> from <GET http://douban.com/>
2019-04-20 11:33:55 [scrapy.downloadermiddlewares.redirect] DEBUG: Redirecting (301) to <GET https://www.douban.com/> from <GET http://www.douban.com/>
2019-04-20 11:33:55 [scrapy.core.engine] DEBUG: Crawled (200) <GET https://www.douban.com/> (referer: None)
2019-04-20 11:33:55 [scrapy.core.engine] INFO: Closing spider (finished)
2019-04-20 11:33:55 [scrapy.statscollectors] INFO: Dumping Scrapy stats:
{'downloader/request_bytes': 638,
 'downloader/request_count': 3,
 'downloader/request_method_count/GET': 3,
 'downloader/response_bytes': 19371,
 'downloader/response_count': 3,
 'downloader/response_status_count/200': 1,
 'downloader/response_status_count/301': 2,
 'finish_reason': 'finished',
 'finish_time': datetime.datetime(2019, 4, 20, 3, 33, 55, 982299),
 'log_count/DEBUG': 4,
 'log_count/INFO': 7,
 'response_received_count': 1,
 'scheduler/dequeued': 3,
 'scheduler/dequeued/memory': 3,
 'scheduler/enqueued': 3,
 'scheduler/enqueued/memory': 3,
 'start_time': datetime.datetime(2019, 4, 20, 3, 33, 55, 179253)}
2019-04-20 11:33:55 [scrapy.core.engine] INFO: Spider closed (finished)
