nohup: ignoring input
{'http': 'http://61.135.217.7:80'}
当前的小时数： 00
还没到8点，耐心等待一个小时再检测
祝你生活愉快！
当前的小时数： 01
还没到8点，耐心等待一个小时再检测
祝你生活愉快！
当前的小时数： 02
还没到8点，耐心等待一个小时再检测
祝你生活愉快！
当前的小时数： 03
还没到8点，耐心等待一个小时再检测
祝你生活愉快！
当前的小时数： 04
还没到8点，耐心等待一个小时再检测
祝你生活愉快！
当前的小时数： 05
还没到8点，耐心等待一个小时再检测
祝你生活愉快！
当前的小时数： 06
还没到8点，耐心等待一个小时再检测
祝你生活愉快！
当前的小时数： 07
还没到8点，耐心等待一个小时再检测
祝你生活愉快！
当前的小时数： 08
还没到8点，耐心等待一个小时再检测
祝你生活愉快！
当前的小时数： 09
还没到8点，耐心等待一个小时再检测
祝你生活愉快！
当前的小时数： 10
还没到8点，耐心等待一个小时再检测
祝你生活愉快！
当前的小时数： 11
还没到8点，耐心等待一个小时再检测
祝你生活愉快！
当前的小时数： 12
还没到8点，耐心等待一个小时再检测
祝你生活愉快！
当前的小时数： 13
还没到8点，耐心等待一个小时再检测
祝你生活愉快！
当前的小时数： 14
还没到8点，耐心等待一个小时再检测
祝你生活愉快！
当前的小时数： 15
还没到8点，耐心等待一个小时再检测
祝你生活愉快！
当前的小时数： 16
还没到8点，耐心等待一个小时再检测
祝你生活愉快！
当前的小时数： 17
还没到8点，耐心等待一个小时再检测
祝你生活愉快！
当前的小时数： 18
还没到8点，耐心等待一个小时再检测
祝你生活愉快！
当前的小时数： 19
还没到8点，耐心等待一个小时再检测
祝你生活愉快！
当前的小时数： 20
//jandan.net/ooxx/page-31#comments
//ws3.sinaimg.cn/mw600/005XRDjrgy1fzj3yfb9k0j30cm0gogp5.jpg
---------时间节点------------
s
n
k: 0
下个页面的网址是： http://jandan.net/ooxx/page-31#comments
//jandan.net/ooxx/page-30#comments
//wx3.sinaimg.cn/mw600/0076BSS5ly1fzj3trm7gcj30u0190akf.jpg
//ws1.sinaimg.cn/mw600/697704d1gy1fzj2prcftwj20lo0swk4t.jpg
//wx2.sinaimg.cn/mw600/0076BSS5ly1fzj29al8gcj31900u0n5r.jpg
//wx3.sinaimg.cn/mw600/0076BSS5ly1fzj1hs62dqj31900u0akn.jpg
//wx1.sinaimg.cn/mw600/0076BSS5ly1fzj0qylj7jj30u0190ztd.jpg
//ww3.sinaimg.cn/mw600/0073tLPGgy1fzj0cbdt88j30u01hd1j4.jpg
//wx3.sinaimg.cn/mw600/0076BSS5ly1fzizzfdzzpj31900u0dz0.jpg
//ws2.sinaimg.cn/mw600/69b053bbgy1fzizrqpl43j21s00w0npd.jpg
//wx2.sinaimg.cn/mw600/815369a1gy1fzizmegg50j20u01407wi.jpg
//wx4.sinaimg.cn/mw600/0063I4Pugy1fzikxj517kj30ia0lnmzf.jpg
//wx4.sinaimg.cn/mw600/0063I4Pugy1fzikxj4n4lj30ia0odtaz.jpg
//wx2.sinaimg.cn/mw600/0076BSS5ly1fziz854qcsj30u0140alh.jpg
//wx2.sinaimg.cn/mw1024/d321abbbgy1fziyviqzkug20hs0a8u0x.gif
//wx4.sinaimg.cn/mw600/0076BSS5ly1fziyfnsf8jj30ty13yjxl.jpg
//ww3.sinaimg.cn/mw600/0073ob6Pgy1fziy9nphtmj30u0140u0z.jpg
//ww3.sinaimg.cn/mw600/0073ob6Pgy1fziy0t0c4uj30u0140thn.jpg
//ws3.sinaimg.cn/mw600/62306eealy1fziy0cfoepj20s71hc4qp.jpg
//wx2.sinaimg.cn/mw600/0076BSS5ly1fzixo1rrt4j30tm18gaj2.jpg
//wx1.sinaimg.cn/mw600/0076BSS5ly1fziww1l46uj30jg0t677a.jpg
//ww3.sinaimg.cn/mw600/0073ob6Pgy1fziwr7lpoij30u0140qv5.jpg
//wx3.sinaimg.cn/mw600/7026ca05ly1fziwdpj3moj20l00s0k1o.jpg
//wx1.sinaimg.cn/mw600/0076BSS5ly1fziw2xgtnxj30u0193b2b.jpg
//ww3.sinaimg.cn/mw600/0073tLPGgy1fzivvaign8j30m80m80u5.jpg
//wx2.sinaimg.cn/mw600/0076BSS5ly1fziva9tdgij30u018y7hw.jpg
//ww3.sinaimg.cn/mw600/0073ob6Pgy1fziuvck2yej30m80m8mzr.jpg
---------时间节点------------
s
n
---------时间节点------------
s
n
---------时间节点------------
r
u
---------时间节点------------
s
r
---------时间节点------------
s
r
---------时间节点------------
s
r
---------时间节点------------
s
r
---------时间节点------------
s
r
---------时间节点------------
s
r
---------时间节点------------
s
r
---------时间节点------------
s
r
---------时间节点------------
s
r
---------时间节点------------
s
r
---------时间节点------------
s
r
---------时间节点------------
s
r
---------时间节点------------
s
r
---------时间节点------------
s
r
---------时间节点------------
s
r
---------时间节点------------
s
r
---------时间节点------------
s
r
---------时间节点------------
s
r
---------时间节点------------
s
r
---------时间节点------------
s
r
---------时间节点------------
s
r
---------时间节点------------
s
r
k: 0
下个页面的网址是： http://jandan.net/ooxx/page-30#comments
//jandan.net/ooxx/page-29#comments
//ww3.sinaimg.cn/mw600/0073tLPGgy1fziuv7o7l5j30k00qo0vy.jpg
//ww3.sinaimg.cn/mw600/0073ob6Pgy1fziuv08prxj30m80m8djj.jpg
//wx4.sinaimg.cn/mw1024/98fa06acgy1fzisfjcm6sg207f09f7wl.gif
//wx2.sinaimg.cn/mw600/9bbc284bgy1fzhlfoie4nj20bz0hsjum.jpg
//ws1.sinaimg.cn/mw600/005UHinyly1fzitut4sjvj30u0140401.jpg
//wx1.sinaimg.cn/mw600/0076BSS5ly1fzit0ist0vj30b10n93zw.jpg
//wx2.sinaimg.cn/mw600/0063I4Pugy1fzikxj4uf5j30zm0m9423.jpg
//wx1.sinaimg.cn/mw600/0076BSS5ly1fzis9drux7j30rs0iidhw.jpg
//ww3.sinaimg.cn/mw600/0073ob6Pgy1fzirpsh8spj30u0140x6q.jpg
//ws2.sinaimg.cn/mw600/4455b500ly1fzir83j29qj21jk15o7wi.jpg
//ww3.sinaimg.cn/mw600/0073ob6Pgy1fzir13f8nsj30u01sxtbh.jpg
//ww3.sinaimg.cn/mw600/0073ob6Pgy1fzir0ybiakj30u00u04qp.jpg
//wx4.sinaimg.cn/mw600/006r8Ylqly1fziqxsml6lj30nm0zkwkd.jpg
//ww3.sinaimg.cn/mw600/006XNEY7gy1fziqw0nllxj30u00u0hdt.jpg
//wx1.sinaimg.cn/mw600/0076BSS5ly1fziqpingg9j30sg16t7wh.jpg
//wx4.sinaimg.cn/mw600/66b3de17gy1fziqdzxvspj21400u0b2b.jpg
//wx1.sinaimg.cn/mw600/66b3de17gy1fziqgu3786j21400u0hdu.jpg
//ww3.sinaimg.cn/mw600/0073tLPGgy1fziqbu9wu1j30u01914n0.jpg
//wx1.sinaimg.cn/mw600/6dbcad37ly1fziq32imdzj21400u0n26.jpg
//wx1.sinaimg.cn/mw600/0076BSS5ly1fzipy0ppcfj30sg0izk1q.jpg
//ww3.sinaimg.cn/mw600/0073ob6Pgy1fziptsvv7vj31400u01ky.jpg
//ww3.sinaimg.cn/mw600/0073ob6Pgy1fzip0f0tz6j30u00u0goq.jpg
//wx2.sinaimg.cn/mw600/0063I4Pugy1fzikw1sb7dj30gj0rkwfo.jpg
//wx2.sinaimg.cn/mw600/0063I4Pugy1fzikw1uimmj30k00dcwgq.jpg
//wx2.sinaimg.cn/mw600/0063I4Pugy1fzikw1txygj30dc0htac3.jpg
//wx1.sinaimg.cn/mw600/0063I4Pugy1fzikw203puj318z0u0tew.jpg
---------时间节点------------
s
r
---------时间节点------------
s
r
---------时间节点------------
s
r
---------时间节点------------
s
r
---------时间节点------------
s
r
---------时间节点------------
s
r
---------时间节点------------
s
r
---------时间节点------------
s
r
---------时间节点------------
s
r
---------时间节点------------
s
r
---------时间节点------------
s
r
---------时间节点------------
s
r
---------时间节点------------
s
r
---------时间节点------------
s
r
---------时间节点------------
s
r
---------时间节点------------
s
r
---------时间节点------------
s
r
---------时间节点------------
s
r
---------时间节点------------
s
r
---------时间节点------------
s
r
---------时间节点------------
s
r
---------时间节点------------
s
r
---------时间节点------------
s
r
---------时间节点------------
s
r
---------时间节点------------
s
r
k: 0
下个页面的网址是： http://jandan.net/ooxx/page-29#comments
//jandan.net/ooxx/page-28#comments
//wx4.sinaimg.cn/mw600/0063I4Pugy1fzikw1x3dmj31900u0ag1.jpg
//ww3.sinaimg.cn/mw600/0073ob6Pgy1fzin9rmhb2j30u0190npe.jpg
//ws4.sinaimg.cn/mw600/0071x16ugy1fzin729mzqj30il0tx410.jpg
//ws4.sinaimg.cn/mw600/0071x16ugy1fzin66kw1uj30ku0rs7al.jpg
//ws1.sinaimg.cn/mw600/0071x16ugy1fzin558ex0j30ku0rijuo.jpg
//wx4.sinaimg.cn/mw600/0071x16ugy1fzin410zbuj30u0140gs3.jpg
//wx1.sinaimg.cn/mw600/0071x16ugy1fzin34dg6cj30qo0zkjvn.jpg
//ws3.sinaimg.cn/mw600/0071x16ugy1fzin25lwe7j30u0140nah.jpg
//ws4.sinaimg.cn/mw600/0071x16ugy1fzin1f4n9qj31601k0npd.jpg
//wx1.sinaimg.cn/mw600/0071x16ugy1fzimy6i9nrj30v90l4wh1.jpg
//wx4.sinaimg.cn/mw600/0076BSS5ly1fzimvyazplj30kd0ukqky.jpg
//ws3.sinaimg.cn/mw600/005Ba4Vlgy1fzimogc0amj30ky0s07i6.jpg
//ws2.sinaimg.cn/mw600/8099027ely1fzimjmv2g0j21j415c4qq.jpg
//wx1.sinaimg.cn/mw600/5e837f45gy1fzim8hq4rhj20ko0rkano.jpg
//wx4.sinaimg.cn/mw600/0076BSS5ly1fzim40waxmj30u014048g.jpg
//wx2.sinaimg.cn/mw600/0076BSS5ly1fzikjqdx2ij30k00qo763.jpg
//wx3.sinaimg.cn/mw600/006r8Ylqly1fzikdugj0dj30rs14fdrj.jpg
//ww3.sinaimg.cn/mw600/0073ob6Pgy1fzijw1hmisj31900u01hn.jpg
//wx1.sinaimg.cn/mw600/0076BSS5ly1fzijsq8yc4j30m80xcag3.jpg
//wx2.sinaimg.cn/mw600/0079MXudgy1fziix2h9wrj31k0160kjm.jpg
//ww3.sinaimg.cn/mw600/0073ob6Pgy1fziinftbpwj30u00u07bq.jpg
//wx2.sinaimg.cn/mw600/0076BSS5ly1fzii9jzz4fj31a50u0gxe.jpg
//wx4.sinaimg.cn/mw600/7026ca05ly1fzii2g9ljoj20m80gotc8.jpg
//ww3.sinaimg.cn/mw600/0073tLPGgy1fzii0t5mdhj31hc0u0npd.jpg
//ws1.sinaimg.cn/mw600/6faafe20gy1fzih01ewlxj20rk0koqbr.jpg
---------时间节点------------
s
r
---------时间节点------------
s
r
---------时间节点------------
s
r
---------时间节点------------
s
r
---------时间节点------------
s
r
---------时间节点------------
s
r
---------时间节点------------
s
r
---------时间节点------------
s
r
---------时间节点------------
s
r
---------时间节点------------
s
r
---------时间节点------------
s
r
---------时间节点------------
s
r
---------时间节点------------
s
r
---------时间节点------------
s
r
---------时间节点------------
s
r
---------时间节点------------
s
r
---------时间节点------------
s
r
---------时间节点------------
s
r
---------时间节点------------
s
r
---------时间节点------------
s
r
---------时间节点------------
s
r
---------时间节点------------
s
r
---------时间节点------------
s
r
---------时间节点------------
s
r
---------时间节点------------
s
r
k: 0
下个页面的网址是： http://jandan.net/ooxx/page-28#comments
//jandan.net/ooxx/page-27#comments
//ww3.sinaimg.cn/mw600/006XNEY7gy1fzeaecv34jj30m80go75m.jpg
//ww3.sinaimg.cn/mw600/0073ob6Pgy1fzi58cou3qj30m80goad9.jpg
//wx3.sinaimg.cn/mw600/006x6SuUgy1fzi4uy8gbqj325z2bvag9.jpg
//wx1.sinaimg.cn/mw600/006x6SuUgy1fzi4uz3bmej31z625kq9e.jpg
//wx2.sinaimg.cn/mw600/006x6SuUgy1fzi4uzsen9j32102d2tfe.jpg
//wx3.sinaimg.cn/mw600/006x6SuUgy1fzi4upailkj33532bf4qp.jpg
//wx1.sinaimg.cn/mw600/006x6SuUgy1fzi4us0ybij335z2bhas6.jpg
//wx4.sinaimg.cn/mw600/006x6SuUgy1fzi4uw8kwej344g2bi4hx.jpg
//wx4.sinaimg.cn/mw600/9b5d5037gy1fzi4dwywt3j21601k0npd.jpg
//ws4.sinaimg.cn/mw600/6c652bafly1fzi3rjwesjj20xc1cfnf7.jpg
//ws1.sinaimg.cn/mw600/005JxzC9gy1fzi3b8at8xj315o1jkb29.jpg
//ww3.sinaimg.cn/mw600/0073ob6Pgy1fzi1v9d8e6j30u01hcaeh.jpg
//wx2.sinaimg.cn/mw600/006v0vZcly1fzi18znmyhj31900u0dy2.jpg
//ws2.sinaimg.cn/mw600/7dcd6f08gy1fzi07hvz01j21601k0e82.jpg
//ww3.sinaimg.cn/mw600/0073ob6Pgy1fzi00vzv37j31400u0x6p.jpg
//wx2.sinaimg.cn/mw600/c44fab04ly1fzhxhi39kkj20sg0izqcn.jpg
//ww3.sinaimg.cn/mw600/0073ob6Pgy1fzhwz8yf8lj30u0140npd.jpg
//wx1.sinaimg.cn/mw600/4d0651e4gy1fzhws866quj20v91jk7wh.jpg
//ws4.sinaimg.cn/mw600/c44fab04ly1fzhvbz5oy7j20u01hcx6q.jpg
//ww3.sinaimg.cn/mw600/0073ob6Pgy1fzhv71s8smj31400u0kjl.jpg
//ww3.sinaimg.cn/mw600/0073ob6Pgy1fzhunyrqx9j31400u04qq.jpg
//wx3.sinaimg.cn/mw600/005vykm8gy1fzhtna3mf6j31jk15oe81.jpg
//wx1.sinaimg.cn/mw600/005uXarjly1fzht2v38v4j30j60pk0ty.jpg
//ww3.sinaimg.cn/mw600/0073tLPGgy1fzhropqlfwj30ku112qv7.jpg
//ww3.sinaimg.cn/mw600/0073ob6Pgy1fzhrpj3fzaj30go0tne83.jpg
//wx1.sinaimg.cn/mw600/c44fab04ly1fzhrdgz9ruj216u16ukjl.jpg
//wx3.sinaimg.cn/mw600/6856a93cgy1fzhqk98hnwj21400u0n9w.jpg
//wx4.sinaimg.cn/mw600/873fc752gy1fzho851k1zj20sg0nv0vo.jpg
//ww3.sinaimg.cn/mw600/0073ob6Pgy1fzhpeln2qkj31900u0h2v.jpg
//wx3.sinaimg.cn/mw600/462dff83gy1fzholtvti5j228n1hre86.jpg
---------时间节点------------
s
r
---------时间节点------------
s
r
---------时间节点------------
s
r
---------时间节点------------
s
r
---------时间节点------------
s
r
---------时间节点------------
s
r
---------时间节点------------
s
r
---------时间节点------------
s
r
---------时间节点------------
s
r
---------时间节点------------
s
r
---------时间节点------------
s
r
---------时间节点------------
y
a
k: 1
下个页面的网址是： http://jandan.net/ooxx/page-27#comments
今天的图已经下载完了，明天再来
当前的小时数： 21
还没到8点，耐心等待一个小时再检测
祝你生活愉快！
当前的小时数： 22
还没到8点，耐心等待一个小时再检测
祝你生活愉快！
当前的小时数： 23
还没到8点，耐心等待一个小时再检测
祝你生活愉快！
当前的小时数： 00
还没到8点，耐心等待一个小时再检测
祝你生活愉快！
当前的小时数： 01
还没到8点，耐心等待一个小时再检测
祝你生活愉快！
当前的小时数： 02
还没到8点，耐心等待一个小时再检测
祝你生活愉快！
当前的小时数： 03
还没到8点，耐心等待一个小时再检测
祝你生活愉快！
当前的小时数： 04
还没到8点，耐心等待一个小时再检测
祝你生活愉快！
当前的小时数： 05
还没到8点，耐心等待一个小时再检测
祝你生活愉快！
当前的小时数： 06
还没到8点，耐心等待一个小时再检测
祝你生活愉快！
当前的小时数： 07
还没到8点，耐心等待一个小时再检测
祝你生活愉快！
当前的小时数： 08
还没到8点，耐心等待一个小时再检测
祝你生活愉快！
当前的小时数： 09
还没到8点，耐心等待一个小时再检测
祝你生活愉快！
当前的小时数： 10
还没到8点，耐心等待一个小时再检测
祝你生活愉快！
当前的小时数： 11
还没到8点，耐心等待一个小时再检测
祝你生活愉快！
当前的小时数： 12
还没到8点，耐心等待一个小时再检测
祝你生活愉快！
当前的小时数： 13
还没到8点，耐心等待一个小时再检测
祝你生活愉快！
当前的小时数： 14
还没到8点，耐心等待一个小时再检测
祝你生活愉快！
当前的小时数： 15
还没到8点，耐心等待一个小时再检测
祝你生活愉快！
当前的小时数： 16
还没到8点，耐心等待一个小时再检测
祝你生活愉快！
当前的小时数： 17
还没到8点，耐心等待一个小时再检测
祝你生活愉快！
当前的小时数： 18
还没到8点，耐心等待一个小时再检测
祝你生活愉快！
当前的小时数： 19
还没到8点，耐心等待一个小时再检测
祝你生活愉快！
当前的小时数： 20
//jandan.net/ooxx/page-28#comments
//ww3.sinaimg.cn/mw600/0073ob6Pgy1fzk9d47qw8j30u0190h9o.jpg
//ww3.sinaimg.cn/mw600/006XNEY7gy1fzk92clshej30u0140x6q.jpg
//ws2.sinaimg.cn/mw600/5d1c5191gy1fzk8zzkpthj21601k0x6p.jpg
//wx4.sinaimg.cn/mw600/0076BSS5ly1fzk8upmep7j30sg0izx0x.jpg
//ww3.sinaimg.cn/mw600/0073tLPGgy1fzk8pi2frvj31400u0x6p.jpg
//ws4.sinaimg.cn/mw600/005un9S3ly1fzk8jf6zecj30dw0dwdhl.jpg
//wx4.sinaimg.cn/mw600/0076BSS5ly1fzk82pormtj30u018yapi.jpg
//ww3.sinaimg.cn/mw600/0073tLPGgy1fzk7xb5jlmj30ku11246c.jpg
//ws3.sinaimg.cn/mw600/7019104dgy1fzk7eznmk0j21s01c0hdu.jpg
//wx3.sinaimg.cn/mw600/0076BSS5ly1fzk7bpyrwhj30u018tarw.jpg
//wx1.sinaimg.cn/mw600/005XRDjrly1fzk6wmdlrbj30jv0xc43z.jpg
//wx1.sinaimg.cn/mw600/0076BSS5ly1fzk6kxq1gej30el0midis.jpg
//wx4.sinaimg.cn/mw600/815369a1gy1fzj3chmokvj20hs0nqgma.jpg
//wx3.sinaimg.cn/mw600/007mgkvYly1fzjsq2hmnej33xw27u1l5.jpg
//ww3.sinaimg.cn/mw600/006XNEY7gy1fzk655e5ywj31400u04nq.jpg
//wx2.sinaimg.cn/mw600/0076BSS5ly1fzk5ubybo9j30u018ydy6.jpg
//ww3.sinaimg.cn/mw600/0073ob6Pgy1fzk5n1uym0j30u0140b29.jpg
//ww3.sinaimg.cn/mw600/0073ob6Pgy1fzk54hn2aoj30u01401kx.jpg
//wx2.sinaimg.cn/mw600/0076BSS5ly1fzk53ivgmwj30tq0jlads.jpg
//ww3.sinaimg.cn/mw600/0073tLPGgy1fzk4olytbyj30u01hc4qr.jpg
//wx4.sinaimg.cn/mw600/0076BSS5ly1fzk4c9w0ckj30rs0iigo4.jpg
//ww3.sinaimg.cn/mw600/0073tLPGgy1fzk3ujpo91j30ku112ac9.jpg
k: 0
下个页面的网址是： http://jandan.net/ooxx/page-28#comments
//jandan.net/ooxx/page-27#comments
//ww3.sinaimg.cn/mw600/006XNEY7gy1fzk3lpbra3j30hs0mpgpg.jpg
//ww3.sinaimg.cn/mw600/0073ob6Pgy1fzk3lgrwsaj30u01hcwl5.jpg
//ww3.sinaimg.cn/mw600/0073ob6Pgy1fzk3iy6mycj30ku0pwn2m.jpg
//ww3.sinaimg.cn/mw600/0073tLPGgy1fzk39qkqg8j30k00zkahr.jpg
//ww3.sinaimg.cn/mw600/0073ob6Pgy1fzk39nwlndj30hs0np0x4.jpg
//ww3.sinaimg.cn/mw600/006XNEY7gy1fzk398qi16j30k00zktx0.jpg
//ww3.sinaimg.cn/mw600/006XNEY7gy1fzk35wy63zj30hs0mwjv2.jpg
//ww3.sinaimg.cn/mw600/0073tLPGgy1fzk35qupwij30j60x6dlr.jpg
//wx4.sinaimg.cn/mw600/006qNvZ7gy1fzk2lo7n6ej30qo0qo7wh.jpg
//ww3.sinaimg.cn/mw600/0073ob6Pgy1fzk2nvx56gj31400u0qv6.jpg
//wx4.sinaimg.cn/mw600/0076BSS5ly1fzk22oej04j30hw0qwdmb.jpg
//wx3.sinaimg.cn/mw600/69b053bbgy1fzk1qrr1zgj20g00w07ho.jpg
//ws2.sinaimg.cn/mw600/005XRDjrgy1fzk1aw1xhgj30hs0nxq62.jpg
//wx4.sinaimg.cn/mw600/0076BSS5ly1fzk1alp6qvj30u018zh63.jpg
//wx2.sinaimg.cn/mw600/005XRDjrgy1fzk1ac8asej30jg0t50ug.jpg
//ww3.sinaimg.cn/mw600/0073ob6Pgy1fzk0dsrv29j30u01401kx.jpg
//ww3.sinaimg.cn/mw600/0073tLPGgy1fzk0dq1a6yj30u0140b29.jpg
//ww3.sinaimg.cn/mw600/006XNEY7gy1fzk027h84ej30ia0odjub.jpg
//ww3.sinaimg.cn/mw600/0073ob6Pgy1fzk025250cj30ia0od0w7.jpg
//wx1.sinaimg.cn/mw600/69b053bbgy1fzjzkfue5kj20g00w0n8d.jpg
//wx4.sinaimg.cn/mw600/0076BSS5ly1fzjywl01lrj30u0196e3q.jpg
//ws3.sinaimg.cn/mw600/a18cad6cgy1fzjygghssdj20u011h0w0.jpg
//wx4.sinaimg.cn/mw600/0076BSS5ly1fzjy5eto4tj30u0190e3b.jpg
//wx4.sinaimg.cn/mw600/0076BSS5ly1fzjxe1db3ej30u018y4dg.jpg
//ws4.sinaimg.cn/mw600/69b053bbgy1fzjx9jpw0oj21s00w04qq.jpg
//ww3.sinaimg.cn/mw600/0073ob6Pgy1fzjhyf9tipj30hs0m8whz.jpg
//wx4.sinaimg.cn/mw600/0076BSS5ly1fzjwm2v8tcj30j00sgtdq.jpg
//wx3.sinaimg.cn/mw600/006r8Ylqly1fzjvzyk7ogj30i20pkass.jpg
k: 0
下个页面的网址是： http://jandan.net/ooxx/page-27#comments
//jandan.net/ooxx/page-26#comments
//wx2.sinaimg.cn/mw600/006r8Ylqly1fzjwkb0nifj30g40msdyk.jpg
//ws1.sinaimg.cn/mw600/005D7vc1ly1fzjw8xvdnwj31c00w0kix.jpg
//wx1.sinaimg.cn/mw600/0076BSS5ly1fzjvut03qjj31900u0dwj.jpg
//ws3.sinaimg.cn/mw600/00745YaMgy1fzjv2khuibj31k01601kz.jpg
//wx1.sinaimg.cn/mw600/00745YaMgy1fzjv2uzn76j31601k0qv5.jpg
//wx3.sinaimg.cn/mw600/00745YaMgy1fzjv35g7agj31601k0u0y.jpg
//wx3.sinaimg.cn/mw600/0076BSS5ly1fzjv1v9ybtj30u0190qe7.jpg
//ww3.sinaimg.cn/mw600/0073ob6Pgy1fzjufpassfj30u019011g.jpg
//wx1.sinaimg.cn/mw600/0076BSS5ly1fzjua6aumjj30u01hbx0g.jpg
//ws2.sinaimg.cn/mw600/3bd43aeegy1fzju2zypr8j215o1eub2a.jpg
//ws1.sinaimg.cn/mw600/4a317f02gy1fzjtwd3d7ij20u0140js9.jpg
//ww3.sinaimg.cn/mw600/0073ob6Pgy1fzjthne48bj30u01404ku.jpg
//wx4.sinaimg.cn/mw600/0076BSS5ly1fzjthwu7swj30u01904gs.jpg
//ws2.sinaimg.cn/mw600/bcbbab6dgy1fzjt562909j21xc11ch70.jpg
//wx3.sinaimg.cn/mw600/0076BSS5ly1fzjrztpn7bj30u019xb29.jpg
//ww3.sinaimg.cn/mw600/0073tLPGgy1fzjrxjkio9j30u0140x6r.jpg
//ww3.sinaimg.cn/mw600/0073ob6Pgy1fzjrrua3ccj30u01407wj.jpg
//ww3.sinaimg.cn/mw600/006XNEY7gy1fzjrrsekb5j30u0140b2b.jpg
//ww3.sinaimg.cn/mw600/0073ob6Pgy1fzjrro30z6j30u01401kz.jpg
//ww3.sinaimg.cn/mw600/0073tLPGgy1fzjrrlerp5j30u0140u0y.jpg
//wx2.sinaimg.cn/mw600/a29716d5gy1fzjrie3n5uj20o20xoh1f.jpg
//ws1.sinaimg.cn/mw600/9b5d5037gy1fzjrdl6wy2j20qo0k0ab8.jpg
//ww3.sinaimg.cn/mw600/0073ob6Pgy1fzjqjf4nrmj31400u0x6p.jpg
//wx3.sinaimg.cn/mw600/0076BSS5ly1fzjpqqmbjbj31900u0tv5.jpg
//ww3.sinaimg.cn/mw600/0073ob6Pgy1fzjpccnah7j30u016t45y.jpg
//ww3.sinaimg.cn/mw600/006XNEY7gy1fzjp2kei4zj30k00zk7wh.jpg
//wx4.sinaimg.cn/mw600/0076BSS5ly1fzjp09atm3j30sg0izk5u.jpg
//wx1.sinaimg.cn/mw600/0076BSS5ly1fzjo9lv7eij30tm18gnc8.jpg
//ws4.sinaimg.cn/mw600/005D7vc1ly1fzjo3my433j315w1k0kjm.jpg
//ws4.sinaimg.cn/mw600/7026ca05ly1fzjmhydi5qj218w0u0adp.jpg
k: 0
下个页面的网址是： http://jandan.net/ooxx/page-26#comments
//jandan.net/ooxx/page-25#comments
//ww3.sinaimg.cn/mw600/0073ob6Pgy1fzjgyduv05j31400u0kbe.jpg
//ww3.sinaimg.cn/mw600/0073ob6Pgy1fzj9i62wttj30go0tmgq3.jpg
//ww3.sinaimg.cn/mw600/0073tLPGgy1fzj999dvy2j30u0140npd.jpg
//ws4.sinaimg.cn/mw600/7026ca05ly1fzj8r18hacj20u011i421.jpg
//wx3.sinaimg.cn/mw600/0076BSS5ly1fzj8enhw90j30kd0ukh1x.jpg
//ws4.sinaimg.cn/mw1024/62306eealy1fzj8clbuswg20ci07k7wh.gif
//ww3.sinaimg.cn/mw600/0073ob6Pgy1fzj8bw9esjj31400u0hdt.jpg
//ww3.sinaimg.cn/mw600/006XNEY7gy1fzj84fuj0rj31900u07cd.jpg
//wx3.sinaimg.cn/mw600/80891114ly1fzj7r1cd36j22c02c01ky.jpg
//wx1.sinaimg.cn/mw600/0076BSS5ly1fzj7npv3y1j30u018zncf.jpg
//ws4.sinaimg.cn/mw600/007w1WI1ly1fzj7kuraolj30ko0rk49f.jpg
//ww3.sinaimg.cn/mw600/006XNEY7gy1fzj7a9fmdgj31hc0u0qg3.jpg
//ws1.sinaimg.cn/mw600/7dcd6f08gy1fzj6x3vvrkj21k00vcx6p.jpg
//ww3.sinaimg.cn/mw600/0073ob6Pgy1fzf44v7xmzj30f00qomy3.jpg
//wx4.sinaimg.cn/mw600/a60f2f16ly1fzj5ma4f88j21qi3347wj.jpg
//ws1.sinaimg.cn/mw600/005XRDjrgy1fzj5ffw8zij30ke0sggn0.jpg
//wx3.sinaimg.cn/mw600/0076BSS5ly1fzj3trm7gcj30u0190akf.jpg
k: 1
下个页面的网址是： http://jandan.net/ooxx/page-25#comments
今天的图已经下载完了，明天再来
当前的小时数： 21
还没到8点，耐心等待一个小时再检测
祝你生活愉快！
当前的小时数： 22
还没到8点，耐心等待一个小时再检测
祝你生活愉快！
当前的小时数： 23
还没到8点，耐心等待一个小时再检测
祝你生活愉快！
当前的小时数： 00
还没到8点，耐心等待一个小时再检测
祝你生活愉快！
当前的小时数： 01
还没到8点，耐心等待一个小时再检测
祝你生活愉快！
当前的小时数： 02
还没到8点，耐心等待一个小时再检测
祝你生活愉快！
当前的小时数： 03
还没到8点，耐心等待一个小时再检测
祝你生活愉快！
当前的小时数： 04
还没到8点，耐心等待一个小时再检测
祝你生活愉快！
当前的小时数： 05
还没到8点，耐心等待一个小时再检测
祝你生活愉快！
当前的小时数： 06
还没到8点，耐心等待一个小时再检测
祝你生活愉快！
当前的小时数： 07
还没到8点，耐心等待一个小时再检测
祝你生活愉快！
当前的小时数： 08
还没到8点，耐心等待一个小时再检测
祝你生活愉快！
当前的小时数： 09
还没到8点，耐心等待一个小时再检测
祝你生活愉快！
当前的小时数： 10
还没到8点，耐心等待一个小时再检测
祝你生活愉快！
当前的小时数： 11
还没到8点，耐心等待一个小时再检测
祝你生活愉快！
当前的小时数： 12
还没到8点，耐心等待一个小时再检测
祝你生活愉快！
当前的小时数： 13
还没到8点，耐心等待一个小时再检测
祝你生活愉快！
当前的小时数： 14
还没到8点，耐心等待一个小时再检测
祝你生活愉快！
当前的小时数： 15
还没到8点，耐心等待一个小时再检测
祝你生活愉快！
当前的小时数： 16
还没到8点，耐心等待一个小时再检测
祝你生活愉快！
当前的小时数： 17
还没到8点，耐心等待一个小时再检测
祝你生活愉快！
当前的小时数： 18
还没到8点，耐心等待一个小时再检测
祝你生活愉快！
当前的小时数： 19
还没到8点，耐心等待一个小时再检测
祝你生活愉快！
当前的小时数： 20
//jandan.net/ooxx/page-28#comments
//wx4.sinaimg.cn/mw600/0076BSS5ly1fzleiszdjvj30i20r2grp.jpg
//ww3.sinaimg.cn/mw600/006XNEY7gy1fzldri87l8j31400u0b14.jpg
//wx4.sinaimg.cn/mw600/0076BSS5ly1fzldqkikg5j30uk0kcayi.jpg
//ww3.sinaimg.cn/mw600/006XNEY7gy1fzldjyr0nlj31400u0u0x.jpg
//ws4.sinaimg.cn/mw600/00631qafly1fzldd1dwt8j30o0100nbo.jpg
//wx3.sinaimg.cn/mw600/0076BSS5ly1fzld02gw1jj30sg16o4qq.jpg
//wx3.sinaimg.cn/mw600/006r8Ylqly1fzlczl5j1uj30iw0qequj.jpg
//wx4.sinaimg.cn/mw600/c3f41227ly1fzlcpi1182j221s15ie82.jpg
//wx2.sinaimg.cn/mw600/d457bf5cgy1fzlcgnosunj20u018w1jm.jpg
//wx2.sinaimg.cn/mw600/97e9e2fdly1fzlcex1clkj21w41f34do.jpg
//wx1.sinaimg.cn/mw600/0076BSS5ly1fzlc7vd1h3j318g0totet.jpg
//wx2.sinaimg.cn/orj360/007wn1J4ly1fzlblirg9jj30b90k0jsu.jpg
//ww3.sinaimg.cn/mw600/0073ob6Pgy1fzlboroletj313z0u0nfi.jpg
//ws2.sinaimg.cn/mw600/6b72d402gy1fzlb4g8irej20dw0k9jsw.jpg
k: 0
下个页面的网址是： http://jandan.net/ooxx/page-28#comments
//jandan.net/ooxx/page-27#comments
//wx4.sinaimg.cn/mw600/0076BSS5ly1fzlanzrkpzj30hs0qodhd.jpg
//wx1.sinaimg.cn/mw600/0076BSS5ly1fzl9w19xoyj30k00qo410.jpg
//ww3.sinaimg.cn/mw600/0073ob6Pgy1fzl9o1bu4oj31400u0kjl.jpg
//ww3.sinaimg.cn/mw600/006XNEY7gy1fzl9jgk5igj30u01hdb29.jpg
//wx2.sinaimg.cn/mw600/0076BSS5ly1fzl94k2cguj30ou0gzalg.jpg
//wx3.sinaimg.cn/mw600/0076BSS5ly1fzl8cgt55wj30d70gj12d.jpg
//ww3.sinaimg.cn/mw600/0073ob6Pgy1fzl7w12x63j31400u0npd.jpg
//wx2.sinaimg.cn/mw600/0076BSS5ly1fzl7lp43igj30sg0iz78a.jpg
//ww3.sinaimg.cn/mw600/0073ob6Pgy1fzl7b03kmwj318g0tn1kx.jpg
//wx2.sinaimg.cn/mw600/006r8Ylqly1fzl71vx6ubj30u0162b2e.jpg
//wx1.sinaimg.cn/mw600/0076BSS5ly1fzl6tv3qo0j30u018zn29.jpg
//ww1.sinaimg.cn/mw600/006wPyQwly1fzl6q6pk7xj30lc0sgwh6.jpg
//ww1.sinaimg.cn/mw600/006wPyQwly1fzl6oo1md7j30lc0sggpb.jpg
//wx3.sinaimg.cn/mw600/0076BSS5ly1fzl629h72uj318y0u01gn.jpg
//wx2.sinaimg.cn/mw600/7dcd6f08gy1fzl5bwm5gdj20kz15x4qp.jpg
//wx3.sinaimg.cn/mw600/0076BSS5ly1fzl5aymsdtj30u0140jzi.jpg
//wx4.sinaimg.cn/mw600/0076BSS5ly1fzl4jf7gk9j30k00qodhx.jpg
//wx1.sinaimg.cn/mw600/0076BSS5ly1fzl3rflyvsj30p011k7e6.jpg
//wx3.sinaimg.cn/mw600/0076BSS5ly1fzl2t7x8vmj30tj18g454.jpg
//wx1.sinaimg.cn/mw600/0076BSS5ly1fzl22dgri3j30rs112qr3.jpg
//ws4.sinaimg.cn/mw600/74b11635ly1fzl1e7ycz0j20u02guhdt.jpg
//ww3.sinaimg.cn/mw600/0073tLPGgy1fzl1d8geg2j30u0140dz8.jpg
//wx1.sinaimg.cn/mw600/0076BSS5ly1fzl19h2wuuj30iz0sgn6v.jpg
//ww3.sinaimg.cn/mw600/0073ob6Pgy1fzl101wudzj31400u07wi.jpg
//ww3.sinaimg.cn/mw600/0073ob6Pgy1fzl0yf9kl0j30u01917wj.jpg
//wx1.sinaimg.cn/mw600/0076BSS5ly1fzl0i3jao6j30go0ljgnv.jpg
k: 0
下个页面的网址是： http://jandan.net/ooxx/page-27#comments
//jandan.net/ooxx/page-26#comments
//ww3.sinaimg.cn/mw600/0073tLPGgy1fzl08ch6wuj31400u0e82.jpg
//wx2.sinaimg.cn/mw600/69b053bbgy1fzkzrq9mkuj20u00u0n0y.jpg
//wx3.sinaimg.cn/mw1024/0076BSS5ly1fzkyz5ptccg308c08c1ky.gif
//wx3.sinaimg.cn/mw600/0076BSS5ly1fzky75anr8j30u0190k17.jpg
//wx1.sinaimg.cn/mw600/0076BSS5ly1fzkxg4tl3ij30zv0u0e84.jpg
//ww3.sinaimg.cn/mw600/0073tLPGgy1fzkwzqipbhj31400u0b29.jpg
//wx1.sinaimg.cn/mw600/6930e872gy1fzkwzvhh7gj20qu0zse2a.jpg
//wx3.sinaimg.cn/mw600/74877694ly1fzkwh2cd7kj20ds0kn759.jpg
//wx1.sinaimg.cn/mw600/6dc62dfdgy1fzku8j9egqj20u01hcncj.jpg
//ww3.sinaimg.cn/mw600/006XNEY7gy1fzklyv19nxj30u0140e81.jpg
//ww3.sinaimg.cn/mw600/0073ob6Pgy1fzkj6zyxq3j30u01407wh.jpg
//ww3.sinaimg.cn/mw600/0073ob6Pgy1fzkgvx9s72j31400u04qq.jpg
//ww3.sinaimg.cn/mw600/006XNEY7gy1fzkf9j2jy7j30u01407uc.jpg
//ww3.sinaimg.cn/mw600/0073ob6Pgy1fzkduzdn2cj31420u01ky.jpg
//wx1.sinaimg.cn/mw600/bba87e2ely1fzkds02d07j210g0rce36.jpg
//ws1.sinaimg.cn/mw600/005JnXpLgy1fzkbhqwpnyj31k0160u0x.jpg
//wx1.sinaimg.cn/mw600/6a84d8d8gy1fzkaqzc7hrj21dc0wwnbx.jpg
//wx3.sinaimg.cn/mw600/00745YaMgy1fzkadcntw8j31601604qp.jpg
//ws4.sinaimg.cn/mw600/6b9e2ef4gy1fzka82n0xhj21c01s0azv.jpg
//wx2.sinaimg.cn/mw600/8ff0a149gy1fzka3hv219j21k01607wh.jpg
//ww3.sinaimg.cn/mw600/006XNEY7gy1fzk92clshej30u0140x6q.jpg
k: 1
下个页面的网址是： http://jandan.net/ooxx/page-26#comments
今天的图已经下载完了，明天再来
当前的小时数： 21
还没到8点，耐心等待一个小时再检测
祝你生活愉快！
当前的小时数： 22
还没到8点，耐心等待一个小时再检测
祝你生活愉快！
当前的小时数： 23
还没到8点，耐心等待一个小时再检测
祝你生活愉快！
当前的小时数： 00
还没到8点，耐心等待一个小时再检测
祝你生活愉快！
当前的小时数： 01
还没到8点，耐心等待一个小时再检测
祝你生活愉快！
当前的小时数： 02
还没到8点，耐心等待一个小时再检测
祝你生活愉快！
当前的小时数： 03
还没到8点，耐心等待一个小时再检测
祝你生活愉快！
当前的小时数： 04
还没到8点，耐心等待一个小时再检测
祝你生活愉快！
当前的小时数： 05
还没到8点，耐心等待一个小时再检测
祝你生活愉快！
当前的小时数： 06
还没到8点，耐心等待一个小时再检测
祝你生活愉快！
当前的小时数： 07
还没到8点，耐心等待一个小时再检测
祝你生活愉快！
当前的小时数： 08
还没到8点，耐心等待一个小时再检测
祝你生活愉快！
当前的小时数： 09
还没到8点，耐心等待一个小时再检测
祝你生活愉快！
当前的小时数： 10
还没到8点，耐心等待一个小时再检测
祝你生活愉快！
当前的小时数： 11
还没到8点，耐心等待一个小时再检测
祝你生活愉快！
当前的小时数： 12
还没到8点，耐心等待一个小时再检测
祝你生活愉快！
当前的小时数： 13
还没到8点，耐心等待一个小时再检测
祝你生活愉快！
当前的小时数： 14
还没到8点，耐心等待一个小时再检测
祝你生活愉快！
当前的小时数： 15
还没到8点，耐心等待一个小时再检测
祝你生活愉快！
当前的小时数： 16
还没到8点，耐心等待一个小时再检测
祝你生活愉快！
当前的小时数： 17
还没到8点，耐心等待一个小时再检测
祝你生活愉快！
当前的小时数： 18
还没到8点，耐心等待一个小时再检测
祝你生活愉快！
当前的小时数： 19
还没到8点，耐心等待一个小时再检测
祝你生活愉快！
当前的小时数： 20
//jandan.net/ooxx/page-28#comments
//wx2.sinaimg.cn/mw600/0076BSS5ly1fzmkmtcz74j30ro12wtau.jpg
//ww3.sinaimg.cn/mw600/006XNEY7gy1fzmkd4pw2pj30u00u0x6q.jpg
//ws3.sinaimg.cn/mw600/c44fab04ly1fzmk529nnaj21jk18gu0x.jpg
//wx3.sinaimg.cn/mw600/0076BSS5ly1fzmjw3jwmej30p010onny.jpg
//ww3.sinaimg.cn/mw600/0073ob6Pgy1fzmjpiz9znj30u0140hdt.jpg
k: 0
下个页面的网址是： http://jandan.net/ooxx/page-28#comments
//jandan.net/ooxx/page-27#comments
//ws1.sinaimg.cn/mw600/53ee7b88ly1fzmilx2v4tj215o1jkqv5.jpg
//ww3.sinaimg.cn/mw600/0073tLPGgy1fzmhq4m5vgj30u019078v.jpg
//wx1.sinaimg.cn/mw600/a22cf71dly1fzmggfd448j21220sknk3.jpg
//ws3.sinaimg.cn/mw600/9d2f00a0gy1fzmfurjna1j20hs0npjsh.jpg
//ww3.sinaimg.cn/mw600/0073tLPGgy1fzmfb1y9bnj30qo1bf7fe.jpg
//ws2.sinaimg.cn/mw600/5441bd48gy1fzmev701wsj21j415cnpd.jpg
//wx1.sinaimg.cn/mw600/005I0Q5Ggy1fzmdvwtcjrj30et0m8n07.jpg
//ws2.sinaimg.cn/mw600/005I0Q5Ggy1fzmdwkew1bj30m80etmyg.jpg
//wx4.sinaimg.cn/mw600/3edd4079ly1fzmbikuutpj20u01e2129.jpg
//ws4.sinaimg.cn/mw600/69b053bbgy1fzmaj29sf8j248w0xsu0y.jpg
//wx3.sinaimg.cn/mw600/007nCckPgy1fzma3s10k1j30s949ohdu.jpg
//ws3.sinaimg.cn/mw600/62753e2dly1fzm8hoshazj21ls17cqv5.jpg
//ww3.sinaimg.cn/mw600/0073ob6Pgy1fzm73fes7xj30u014t4qp.jpg
//ws2.sinaimg.cn/mw600/97e9e2fdly1fzm56nvv2nj21541fe4qp.jpg
//wx3.sinaimg.cn/mw600/72ba59e7ly1fzm47jrruuj23402c0x6r.jpg
//wx4.sinaimg.cn/mw600/62306eealy1fzm3kih456j20qu0zstmj.jpg
//ws2.sinaimg.cn/mw600/5e837f45ly1fzm3jb7gfmj21wg19cnpe.jpg
//wx2.sinaimg.cn/mw600/6faafe20gy1fzm2j2x9wuj21d20wljsx.jpg
//ws2.sinaimg.cn/mw600/93ba3bf9gy1fzm20lrmjaj23401ig7wi.jpg
//ws3.sinaimg.cn/mw600/b457af34ly1fzm18esl00j20vi1k0e81.jpg
//ws1.sinaimg.cn/mw600/a22cf71dly1fzm0xpnhqcj219c0y0b29.jpg
//wx2.sinaimg.cn/mw600/b457af34ly1fzm0u7rqhqj21k00vi4qp.jpg
//ww3.sinaimg.cn/mw600/006XNEY7gy1fzm0dc0y3xj30qo0zke81.jpg
//ww3.sinaimg.cn/mw600/0073tLPGgy1fzm0603uycj30u0140tfb.jpg
//ww3.sinaimg.cn/mw600/0073tLPGgy1fzlzugx2rqj30u0140npe.jpg
//ww3.sinaimg.cn/mw600/0073tLPGgy1fzlzj5aa93j30u01407wh.jpg
k: 0
下个页面的网址是： http://jandan.net/ooxx/page-27#comments
//jandan.net/ooxx/page-26#comments
//ws3.sinaimg.cn/mw600/5d3a2a04gy1fzlyscmtsrj210w0ro1i3.jpg
//ww3.sinaimg.cn/mw600/0073ob6Pgy1fzly9mdikaj30u013y1ab.jpg
//wx4.sinaimg.cn/mw600/687614ddgy1fzlxm8h16qj21ls0wikjl.jpg
//wx3.sinaimg.cn/mw600/69e33cb5ly1fzlmbcbf91j21j415capr.jpg
//wx4.sinaimg.cn/mw600/e56565d0gy1fzll976cr0j20hq0hsq63.jpg
//wx3.sinaimg.cn/mw600/7102497dly1fzkwwp0fwnj22ao1umkjl.jpg
//ws1.sinaimg.cn/mw600/916e684fly1fzlg7k7kloj215c1j4qv5.jpg
//ww3.sinaimg.cn/mw600/006XNEY7gy1fzldri87l8j31400u0b14.jpg
k: 1
下个页面的网址是： http://jandan.net/ooxx/page-26#comments
今天的图已经下载完了，明天再来
